[    5515ms] [ERROR] Failed to load resource: the server responded with a status of 404 () @ https://web-tmp.ognomy.com/staff/users:0
[   13146ms] [WARNING] Warning: fragment with name CatalogFields already exists.
graphql-tag enforces all fragment names across your application to be unique; read more about
this in the docs: http://dev.apollodata.com/core/fragments.html#unique-names @ https://web-tmp.ognomy.com/assets/vendor-1eec4b49.js:2399
[   17128ms] [WARNING] Warning: fragment with name CatalogFields already exists.
graphql-tag enforces all fragment names across your application to be unique; read more about
this in the docs: http://dev.apollodata.com/core/fragments.html#unique-names @ https://web-tmp.ognomy.com/assets/vendor-1eec4b49.js:2399
[   35812ms] [WARNING] Warning: fragment with name CatalogFields already exists.
graphql-tag enforces all fragment names across your application to be unique; read more about
this in the docs: http://dev.apollodata.com/core/fragments.html#unique-names @ https://web-tmp.ognomy.com/assets/vendor-1eec4b49.js:2399
[   36590ms] [ERROR] Failed to load resource: the server responded with a status of 404 () @ https://web-tmp.ognomy.com/staff/users:0
[   39245ms] [WARNING] Warning: fragment with name CatalogFields already exists.
graphql-tag enforces all fragment names across your application to be unique; read more about
this in the docs: http://dev.apollodata.com/core/fragments.html#unique-names @ https://web-tmp.ognomy.com/assets/vendor-1eec4b49.js:2399
[   42105ms] [WARNING] Warning: fragment with name CatalogFields already exists.
graphql-tag enforces all fragment names across your application to be unique; read more about
this in the docs: http://dev.apollodata.com/core/fragments.html#unique-names @ https://web-tmp.ognomy.com/assets/vendor-1eec4b49.js:2399
[   93717ms] [LOG] Connected to socket server: vdJQR0AJFS7KGE6LAAAn @ https://web-tmp.ognomy.com/assets/main-3a339f05.js:0
[   97407ms] [ERROR] Failed to load resource: the server responded with a status of 404 () @ https://web-tmp.ognomy.com/staff/users:0
[  103748ms] [WARNING] Warning: fragment with name CatalogFields already exists.
graphql-tag enforces all fragment names across your application to be unique; read more about
this in the docs: http://dev.apollodata.com/core/fragments.html#unique-names @ https://web-tmp.ognomy.com/assets/vendor-1eec4b49.js:2399
[  106445ms] [VERBOSE] [DOM] Input elements should have autocomplete attributes (suggested: "username"): (More info: https://goo.gl/9p2vKq) %o @ https://web-tmp.ognomy.com/staff/users:0
[  108607ms] [LOG] Connected to socket server: S11hnoQSY1-K7Z_PAAAp @ https://web-tmp.ognomy.com/assets/main-3a339f05.js:0
[  108695ms] [WARNING] Deprecation warning: value provided is not in a recognized RFC2822 or ISO format. moment construction falls back to js Date(), which is not reliable across all browsers and versions. Non RFC2822/ISO date formats are discouraged. Please refer to http://momentjs.com/guides/#/warnings/js-date/ for more info.
Arguments: 
[0] _isAMomentObject: true, _isUTC: false, _useUTC: false, _l: undefined, _i: No completed appointments, _f: undefined, _strict: undefined, _locale: [object Object]
Error
    at hooks.createFromInputFallback (https://web-tmp.ognomy.com/assets/vendor-1eec4b49.js:364:3)
    at configFromString (https://web-tmp.ognomy.com/assets/vendor-1eec4b49.js:364:33940)
    at configFromInput (https://web-tmp.ognomy.com/assets/vendor-1eec4b49.js:364:39190)
    at prepareConfig (https://web-tmp.ognomy.com/assets/vendor-1eec4b49.js:364:38987)
    at createFromConfig (https://web-tmp.ognomy.com/assets/vendor-1eec4b49.js:364:38552)
    at createLocalOrUTC (https://web-tmp.ognomy.com/assets/vendor-1eec4b49.js:364:39714)
    at createLocal (https://web-tmp.ognomy.com/assets/vendor-1eec4b49.js:364:39776)
    at hooks (https://web-tmp.ognomy.com/assets/vendor-1eec4b49.js:361:55)
    at https://web-tmp.ognomy.com/assets/main-3a339f05.js:67:378298
    at Array.map (<anonymous>) @ https://web-tmp.ognomy.com/assets/vendor-1eec4b49.js:360
